<?xml version="1.0" encoding="UTF-8"?>
<!-- Generated by org.testng.reporters.JUnitXMLReporter -->
<testsuite hostname="Alis-Air.home" ignored="0" name="Command line test" tests="6" failures="3" timestamp="2020-03-05T15:09:46 EST" time="105.156" errors="0">
  <testcase name="verifyStudentCenterLinkTest" time="20.201" classname="com.cunyfirst.qa.testcases.StudentCenterPageTest">
    <failure type="org.openqa.selenium.TimeoutException" message="timeout: Timed out receiving message from renderer: -0.003
  (Session info: chrome=80.0.3987.132)
Build info: version: &amp;apos;3.141.59&amp;apos;, revision: &amp;apos;e82be7d358&amp;apos;, time: &amp;apos;2018-11-14T08:17:03&amp;apos;
System info: host: &amp;apos;Alis-Air.home&amp;apos;, ip: &amp;apos;fe80:0:0:0:10a2:7d61:2ac9:b2b3%en0&amp;apos;, os.name: &amp;apos;Mac OS X&amp;apos;, os.arch: &amp;apos;x86_64&amp;apos;, os.version: &amp;apos;10.13.6&amp;apos;, java.version: &amp;apos;1.8.0_111&amp;apos;
Driver info: org.openqa.selenium.chrome.ChromeDriver
Capabilities {acceptInsecureCerts: false, browserName: chrome, browserVersion: 80.0.3987.132, chrome: {chromedriverVersion: 80.0.3987.106 (f68069574609..., userDataDir: /var/folders/b_/74r5y8tx4dj...}, goog:chromeOptions: {debuggerAddress: localhost:60456}, javascriptEnabled: true, networkConnectionEnabled: false, pageLoadStrategy: normal, platform: MAC, platformName: MAC, proxy: Proxy(), setWindowRect: true, strictFileInteractability: false, timeouts: {implicit: 0, pageLoad: 300000, script: 30000}, unhandledPromptBehavior: dismiss and notify}
Session ID: bff443b32badf147165b239b022c2a26">
      <![CDATA[org.openqa.selenium.TimeoutException: timeout: Timed out receiving message from renderer: -0.003
  (Session info: chrome=80.0.3987.132)
Build info: version: '3.141.59', revision: 'e82be7d358', time: '2018-11-14T08:17:03'
System info: host: 'Alis-Air.home', ip: 'fe80:0:0:0:10a2:7d61:2ac9:b2b3%en0', os.name: 'Mac OS X', os.arch: 'x86_64', os.version: '10.13.6', java.version: '1.8.0_111'
Driver info: org.openqa.selenium.chrome.ChromeDriver
Capabilities {acceptInsecureCerts: false, browserName: chrome, browserVersion: 80.0.3987.132, chrome: {chromedriverVersion: 80.0.3987.106 (f68069574609..., userDataDir: /var/folders/b_/74r5y8tx4dj...}, goog:chromeOptions: {debuggerAddress: localhost:60456}, javascriptEnabled: true, networkConnectionEnabled: false, pageLoadStrategy: normal, platform: MAC, platformName: MAC, proxy: Proxy(), setWindowRect: true, strictFileInteractability: false, timeouts: {implicit: 0, pageLoad: 300000, script: 30000}, unhandledPromptBehavior: dismiss and notify}
Session ID: bff443b32badf147165b239b022c2a26
at org.openqa.selenium.remote.http.W3CHttpResponseCodec.createException(W3CHttpResponseCodec.java:187)
at org.openqa.selenium.remote.http.W3CHttpResponseCodec.decode(W3CHttpResponseCodec.java:122)
at org.openqa.selenium.remote.http.W3CHttpResponseCodec.decode(W3CHttpResponseCodec.java:49)
at org.openqa.selenium.remote.HttpCommandExecutor.execute(HttpCommandExecutor.java:158)
at org.openqa.selenium.remote.service.DriverCommandExecutor.execute(DriverCommandExecutor.java:83)
at org.openqa.selenium.remote.RemoteWebDriver.execute(RemoteWebDriver.java:552)
at org.openqa.selenium.remote.RemoteWebElement.execute(RemoteWebElement.java:285)
at org.openqa.selenium.remote.RemoteWebElement.click(RemoteWebElement.java:84)
at org.openqa.selenium.support.pagefactory.internal.LocatingElementHandler.invoke(LocatingElementHandler.java:51)
at com.sun.proxy.$Proxy7.click(Unknown Source)
at com.cunyfirst.qa.pages.HomePage.clickOnStudentCenterLink(HomePage.java:28)
at com.cunyfirst.qa.testcases.StudentCenterPageTest.verifyStudentCenterLinkTest(StudentCenterPageTest.java:35)
at java.util.ArrayList.forEach(ArrayList.java:1249)
... Removed 45 stack frames]]>
    </failure>
  </testcase> <!-- verifyStudentCenterLinkTest -->
  <testcase name="ClickOnMainMenuTest" time="0.001" classname="com.cunyfirst.qa.testcases.StudentCenterPageTest">
    <failure type="java.lang.NullPointerException">
      <![CDATA[java.lang.NullPointerException
at com.cunyfirst.qa.pages.StudentCenter.ClickOnMainMen(StudentCenter.java:14)
at com.cunyfirst.qa.testcases.StudentCenterPageTest.ClickOnMainMenuTest(StudentCenterPageTest.java:40)
at java.util.ArrayList.forEach(ArrayList.java:1249)
... Removed 37 stack frames]]>
    </failure>
  </testcase> <!-- ClickOnMainMenuTest -->
  <testcase name="verifyHomePageTitileTest" time="0.021" classname="com.cunyfirst.qa.testcases.HomePageTest"/>
  <testcase name="verifyStudentCenterLinkTest" time="9.714" classname="com.cunyfirst.qa.testcases.HomePageTest">
    <failure type="java.lang.NullPointerException">
      <![CDATA[java.lang.NullPointerException
at com.cunyfirst.qa.pages.StudentCenter.ClickOnMainMen(StudentCenter.java:14)
at com.cunyfirst.qa.testcases.HomePageTest.verifyStudentCenterLinkTest(HomePageTest.java:49)
at java.util.ArrayList.forEach(ArrayList.java:1249)
... Removed 37 stack frames]]>
    </failure>
  </testcase> <!-- verifyStudentCenterLinkTest -->
  <testcase name="loginPageTittleTest" time="0.018" classname="com.cunyfirst.qa.testcases.LoginPageTest"/>
  <testcase name="loginTest" time="8.516" classname="com.cunyfirst.qa.testcases.LoginPageTest"/>
</testsuite> <!-- Command line test -->
