-------------------------------------------------------------------------------
Test set: TestSuite
-------------------------------------------------------------------------------
Tests run: 6, Failures: 3, Errors: 0, Skipped: 0, Time elapsed: 106.322 sec <<< FAILURE!
verifyStudentCenterLinkTest(com.cunyfirst.qa.testcases.StudentCenterPageTest)  Time elapsed: 20.253 sec  <<< FAILURE!
org.openqa.selenium.TimeoutException: timeout: Timed out receiving message from renderer: -0.003
  (Session info: chrome=80.0.3987.132)
Build info: version: '3.141.59', revision: 'e82be7d358', time: '2018-11-14T08:17:03'
System info: host: 'Alis-Air.home', ip: 'fe80:0:0:0:10a2:7d61:2ac9:b2b3%en0', os.name: 'Mac OS X', os.arch: 'x86_64', os.version: '10.13.6', java.version: '1.8.0_111'
Driver info: org.openqa.selenium.chrome.ChromeDriver
Capabilities {acceptInsecureCerts: false, browserName: chrome, browserVersion: 80.0.3987.132, chrome: {chromedriverVersion: 80.0.3987.106 (f68069574609..., userDataDir: /var/folders/b_/74r5y8tx4dj...}, goog:chromeOptions: {debuggerAddress: localhost:60456}, javascriptEnabled: true, networkConnectionEnabled: false, pageLoadStrategy: normal, platform: MAC, platformName: MAC, proxy: Proxy(), setWindowRect: true, strictFileInteractability: false, timeouts: {implicit: 0, pageLoad: 300000, script: 30000}, unhandledPromptBehavior: dismiss and notify}
Session ID: bff443b32badf147165b239b022c2a26
	at sun.reflect.NativeConstructorAccessorImpl.newInstance0(Native Method)
	at sun.reflect.NativeConstructorAccessorImpl.newInstance(NativeConstructorAccessorImpl.java:62)
	at sun.reflect.DelegatingConstructorAccessorImpl.newInstance(DelegatingConstructorAccessorImpl.java:45)
	at java.lang.reflect.Constructor.newInstance(Constructor.java:423)
	at org.openqa.selenium.remote.http.W3CHttpResponseCodec.createException(W3CHttpResponseCodec.java:187)
	at org.openqa.selenium.remote.http.W3CHttpResponseCodec.decode(W3CHttpResponseCodec.java:122)
	at org.openqa.selenium.remote.http.W3CHttpResponseCodec.decode(W3CHttpResponseCodec.java:49)
	at org.openqa.selenium.remote.HttpCommandExecutor.execute(HttpCommandExecutor.java:158)
	at org.openqa.selenium.remote.service.DriverCommandExecutor.execute(DriverCommandExecutor.java:83)
	at org.openqa.selenium.remote.RemoteWebDriver.execute(RemoteWebDriver.java:552)
	at org.openqa.selenium.remote.RemoteWebElement.execute(RemoteWebElement.java:285)
	at org.openqa.selenium.remote.RemoteWebElement.click(RemoteWebElement.java:84)
	at sun.reflect.NativeMethodAccessorImpl.invoke0(Native Method)
	at sun.reflect.NativeMethodAccessorImpl.invoke(NativeMethodAccessorImpl.java:62)
	at sun.reflect.DelegatingMethodAccessorImpl.invoke(DelegatingMethodAccessorImpl.java:43)
	at java.lang.reflect.Method.invoke(Method.java:498)
	at org.openqa.selenium.support.pagefactory.internal.LocatingElementHandler.invoke(LocatingElementHandler.java:51)
	at com.sun.proxy.$Proxy7.click(Unknown Source)
	at com.cunyfirst.qa.pages.HomePage.clickOnStudentCenterLink(HomePage.java:28)
	at com.cunyfirst.qa.testcases.StudentCenterPageTest.verifyStudentCenterLinkTest(StudentCenterPageTest.java:35)

ClickOnMainMenuTest(com.cunyfirst.qa.testcases.StudentCenterPageTest)  Time elapsed: 0.003 sec  <<< FAILURE!
java.lang.NullPointerException
	at com.cunyfirst.qa.pages.StudentCenter.ClickOnMainMen(StudentCenter.java:14)
	at com.cunyfirst.qa.testcases.StudentCenterPageTest.ClickOnMainMenuTest(StudentCenterPageTest.java:40)

verifyStudentCenterLinkTest(com.cunyfirst.qa.testcases.HomePageTest)  Time elapsed: 9.72 sec  <<< FAILURE!
java.lang.NullPointerException
	at com.cunyfirst.qa.pages.StudentCenter.ClickOnMainMen(StudentCenter.java:14)
	at com.cunyfirst.qa.testcases.HomePageTest.verifyStudentCenterLinkTest(HomePageTest.java:49)

